<!DOCTYPE html PUBLIC "-//W3C//DTD XHTML 1.1//EN" "https://www.w3.org/TR/xhtml11/DTD/xhtml11.dtd">
<html xmlns="https://www.w3.org/1999/xhtml">
<head>
<meta http-equiv="content-type" content="text/html; charset=UTF-8"/>
<title>TestNG Report</title>
<style type="text/css">table {margin-bottom:10px;border-collapse:collapse;empty-cells:show}th,td {border:1px solid #009;padding:.25em .5em}th {vertical-align:bottom}td {vertical-align:top}table a {font-weight:bold}.stripe td {background-color: #E6EBF9}.num {text-align:right}.passedodd td {background-color: #3F3}.passedeven td {background-color: #0A0}.skippedodd td {background-color: #DDD}.skippedeven td {background-color: #CCC}.failedodd td,.attn {background-color: #F33}.failedeven td,.stripe .attn {background-color: #D00}.stacktrace {white-space:pre;font-family:monospace}.totop {font-size:85%;text-align:center;border-bottom:2px solid #000}.invisible {display:none}</style>
</head>
<body>
<table>
<tr><th>Test</th><th># Passed</th><th># Skipped</th><th># Retried</th><th># Failed</th><th>Time (ms)</th><th>Included Groups</th><th>Excluded Groups</th></tr>
<tr><th colspan="8">Suite</th></tr>
<tr><td><a href="#t0">Test</a></td><td class="num">7</td><td class="num">0</td><td class="num">0</td><td class="num attn">3</td><td class="num">22,080</td><td></td><td></td></tr>
</table>
<table id='summary'><thead><tr><th>Class</th><th>Method</th><th>Start</th><th>Time (ms)</th></tr></thead><tbody><tr><th colspan="4">Suite</th></tr></tbody><tbody id="t0"><tr><th colspan="4">Test &#8212; failed</th></tr><tr class="failedeven"><td rowspan="3">com.Serviceobjectmodel.Scripts.HomeTest</td><td><a href="#m0">verifyingaddreparation</a></td><td rowspan="1">1687683978729</td><td rowspan="1">1125</td></tr><tr class="failedeven"><td><a href="#m1">verifyingaddreparationtab</a></td><td rowspan="1">1687683980012</td><td rowspan="1">24</td></tr><tr class="failedeven"><td><a href="#m2">verifyingshowdroping</a></td><td rowspan="1">1687683977953</td><td rowspan="1">497</td></tr><tr><th colspan="4">Test &#8212; passed</th></tr><tr class="passedeven"><td rowspan="3">com.Serviceobjectmodel.Scripts.HomeTest</td><td><a href="#m3">verifyingColumn</a></td><td rowspan="1">1687683977474</td><td rowspan="1">472</td></tr><tr class="passedeven"><td><a href="#m4">verifyingNewResultFilter</a></td><td rowspan="1">1687683978670</td><td rowspan="1">53</td></tr><tr class="passedeven"><td><a href="#m5">verifyingReparation</a></td><td rowspan="1">1687683973113</td><td rowspan="1">4357</td></tr><tr class="passedodd"><td rowspan="4">com.Serviceobjectmodel.Scripts.ServiceLoginTest</td><td><a href="#m6">verifySigninInvalidUserInvalidpass</a></td><td rowspan="1">1687683966794</td><td rowspan="1">1135</td></tr><tr class="passedodd"><td><a href="#m7">verifySigninInvalidUserValidpass</a></td><td rowspan="1">1687683968072</td><td rowspan="1">1215</td></tr><tr class="passedodd"><td><a href="#m8">verifySigninValidUserInvalidpass</a></td><td rowspan="1">1687683969395</td><td rowspan="1">896</td></tr><tr class="passedodd"><td><a href="#m9">verifySigninValidUserValidpass</a></td><td rowspan="1">1687683970402</td><td rowspan="1">2702</td></tr></tbody>
</table>
<h2>Test</h2><h3 id="m0">com.Serviceobjectmodel.Scripts.HomeTest#verifyingaddreparation</h3><table class="result"><tr><th>Exception</th></tr><tr><td><div class="stacktrace">org.openqa.selenium.ElementClickInterceptedException: element click intercepted: Element &lt;button href=&quot;#reparationmodal&quot; class=&quot;add_reparation btn btn-primary&quot;&gt;...&lt;/button&gt; is not clickable at point (328, 205). Other element would receive the click: &lt;div class=&quot;dt-button-background&quot; style=&quot;&quot;&gt;&lt;/div&gt;
  (Session info: chrome=113.0.5672.93)
Build info: version: &apos;4.9.0&apos;, revision: &apos;d7057100a6&apos;
System info: os.name: &apos;Windows 10&apos;, os.arch: &apos;amd64&apos;, os.version: &apos;10.0&apos;, java.version: &apos;17.0.7&apos;
Driver info: org.openqa.selenium.chrome.ChromeDriver
Command: [41925a5b57db6b7a9c142dad16fb1619, clickElement {id=34FEADC22FE86593B58520C808B80A6F_element_114}]
Capabilities {acceptInsecureCerts: false, browserName: chrome, browserVersion: 113.0.5672.93, chrome: {chromedriverVersion: 113.0.5672.63 (0e1a4471d5ae..., userDataDir: C:\Users\Zartech\AppData\Lo...}, goog:chromeOptions: {debuggerAddress: localhost:64627}, networkConnectionEnabled: false, pageLoadStrategy: normal, platformName: WINDOWS, proxy: Proxy(), se:cdp: ws://localhost:64627/devtoo..., se:cdpVersion: 113.0.5672.93, setWindowRect: true, strictFileInteractability: false, timeouts: {implicit: 0, pageLoad: 300000, script: 30000}, unhandledPromptBehavior: dismiss and notify, webauthn:extension:credBlob: true, webauthn:extension:largeBlob: true, webauthn:extension:minPinLength: true, webauthn:extension:prf: true, webauthn:virtualAuthenticators: true}
Element: [[ChromeDriver: chrome on WINDOWS (41925a5b57db6b7a9c142dad16fb1619)] -&gt; xpath: //button[starts-with(@class,&apos;add_reparation &apos;)]]
Session ID: 41925a5b57db6b7a9c142dad16fb1619
	at org.openqa.selenium.remote.codec.w3c.W3CHttpResponseCodec.createException(W3CHttpResponseCodec.java:200)
	at org.openqa.selenium.remote.codec.w3c.W3CHttpResponseCodec.decode(W3CHttpResponseCodec.java:133)
	at org.openqa.selenium.remote.codec.w3c.W3CHttpResponseCodec.decode(W3CHttpResponseCodec.java:53)
	at org.openqa.selenium.remote.HttpCommandExecutor.execute(HttpCommandExecutor.java:193)
	at org.openqa.selenium.remote.service.DriverCommandExecutor.invokeExecute(DriverCommandExecutor.java:183)
	at org.openqa.selenium.remote.service.DriverCommandExecutor.execute(DriverCommandExecutor.java:158)
	at org.openqa.selenium.remote.RemoteWebDriver.execute(RemoteWebDriver.java:543)
	at org.openqa.selenium.remote.RemoteWebElement.execute(RemoteWebElement.java:257)
	at org.openqa.selenium.remote.RemoteWebElement.click(RemoteWebElement.java:78)
	at org.openqa.selenium.support.pagefactory.internal.LocatingElementHandler.invoke(LocatingElementHandler.java:52)
	at jdk.proxy2/jdk.proxy2.$Proxy22.click(Unknown Source)
	at com.Serviceobjectmodel.Utilities.PageUtilities.clickOnElement(PageUtilities.java:41)
	at com.Serviceobjectmodel.Pages.HomePage.addReparationSelection(HomePage.java:168)
	at com.Serviceobjectmodel.Scripts.HomeTest.verifyingaddreparation(HomeTest.java:116)
	at java.base/java.util.ArrayList.forEach(ArrayList.java:1511)
... Removed 36 stack frames</div></td></tr></table><p class="totop"><a href="#summary">back to summary</a></p>
<h3 id="m1">com.Serviceobjectmodel.Scripts.HomeTest#verifyingaddreparationtab</h3><table class="result"><tr><th>Exception</th></tr><tr><td><div class="stacktrace">org.openqa.selenium.NoSuchElementException: no such element: Unable to locate element: {&quot;method&quot;:&quot;xpath&quot;,&quot;selector&quot;:&quot;//div[@id=&apos;reparationmodal&apos; and @class=&apos;modal fade in&apos;]/div/div&quot;}
  (Session info: chrome=113.0.5672.93)
For documentation on this error, please visit: https://selenium.dev/exceptions/#no_such_element
Build info: version: &apos;4.9.0&apos;, revision: &apos;d7057100a6&apos;
System info: os.name: &apos;Windows 10&apos;, os.arch: &apos;amd64&apos;, os.version: &apos;10.0&apos;, java.version: &apos;17.0.7&apos;
Driver info: org.openqa.selenium.chrome.ChromeDriver
Command: [41925a5b57db6b7a9c142dad16fb1619, findElement {using=xpath, value=//div[@id=&apos;reparationmodal&apos; and @class=&apos;modal fade in&apos;]/div/div}]
Capabilities {acceptInsecureCerts: false, browserName: chrome, browserVersion: 113.0.5672.93, chrome: {chromedriverVersion: 113.0.5672.63 (0e1a4471d5ae..., userDataDir: C:\Users\Zartech\AppData\Lo...}, goog:chromeOptions: {debuggerAddress: localhost:64627}, networkConnectionEnabled: false, pageLoadStrategy: normal, platformName: WINDOWS, proxy: Proxy(), se:cdp: ws://localhost:64627/devtoo..., se:cdpVersion: 113.0.5672.93, setWindowRect: true, strictFileInteractability: false, timeouts: {implicit: 0, pageLoad: 300000, script: 30000}, unhandledPromptBehavior: dismiss and notify, webauthn:extension:credBlob: true, webauthn:extension:largeBlob: true, webauthn:extension:minPinLength: true, webauthn:extension:prf: true, webauthn:virtualAuthenticators: true}
Session ID: 41925a5b57db6b7a9c142dad16fb1619
	at org.openqa.selenium.remote.codec.w3c.W3CHttpResponseCodec.createException(W3CHttpResponseCodec.java:200)
	at org.openqa.selenium.remote.codec.w3c.W3CHttpResponseCodec.decode(W3CHttpResponseCodec.java:133)
	at org.openqa.selenium.remote.codec.w3c.W3CHttpResponseCodec.decode(W3CHttpResponseCodec.java:53)
	at org.openqa.selenium.remote.HttpCommandExecutor.execute(HttpCommandExecutor.java:193)
	at org.openqa.selenium.remote.service.DriverCommandExecutor.invokeExecute(DriverCommandExecutor.java:183)
	at org.openqa.selenium.remote.service.DriverCommandExecutor.execute(DriverCommandExecutor.java:158)
	at org.openqa.selenium.remote.RemoteWebDriver.execute(RemoteWebDriver.java:543)
	at org.openqa.selenium.remote.ElementLocation$ElementFinder$2.findElement(ElementLocation.java:162)
	at org.openqa.selenium.remote.ElementLocation.findElement(ElementLocation.java:60)
	at org.openqa.selenium.remote.RemoteWebDriver.findElement(RemoteWebDriver.java:352)
	at org.openqa.selenium.remote.RemoteWebDriver.findElement(RemoteWebDriver.java:344)
	at org.openqa.selenium.support.pagefactory.DefaultElementLocator.findElement(DefaultElementLocator.java:70)
	at org.openqa.selenium.support.pagefactory.internal.LocatingElementHandler.invoke(LocatingElementHandler.java:39)
	at jdk.proxy2/jdk.proxy2.$Proxy22.isSelected(Unknown Source)
	at com.Serviceobjectmodel.Pages.HomePage.newaddedReparationSelection(HomePage.java:173)
	at com.Serviceobjectmodel.Scripts.HomeTest.verifyingaddreparationtab(HomeTest.java:123)
	at java.base/java.util.ArrayList.forEach(ArrayList.java:1511)
... Removed 32 stack frames</div></td></tr></table><p class="totop"><a href="#summary">back to summary</a></p>
<h3 id="m2">com.Serviceobjectmodel.Scripts.HomeTest#verifyingshowdroping</h3><table class="result"><tr><th>Exception</th></tr><tr><td><div class="stacktrace">org.openqa.selenium.NoSuchElementException: Cannot locate option with index: 5
For documentation on this error, please visit: https://selenium.dev/exceptions/#no_such_element
Build info: version: &apos;4.9.0&apos;, revision: &apos;d7057100a6&apos;
System info: os.name: &apos;Windows 10&apos;, os.arch: &apos;amd64&apos;, os.version: &apos;10.0&apos;, java.version: &apos;17.0.7&apos;
Driver info: driver.version: unknown
	at org.openqa.selenium.support.ui.Select.setSelectedByIndex(Select.java:305)
	at org.openqa.selenium.support.ui.Select.selectByIndex(Select.java:179)
	at com.Serviceobjectmodel.Pages.HomePage.showSelection(HomePage.java:159)
	at com.Serviceobjectmodel.Scripts.HomeTest.verifyingshowdroping(HomeTest.java:105)
	at java.base/java.util.ArrayList.forEach(ArrayList.java:1511)
... Removed 27 stack frames</div></td></tr></table><p class="totop"><a href="#summary">back to summary</a></p>
<h3 id="m3">com.Serviceobjectmodel.Scripts.HomeTest#verifyingColumn</h3><table class="result"><tr><th class="invisible"/></tr></table><p class="totop"><a href="#summary">back to summary</a></p>
<h3 id="m4">com.Serviceobjectmodel.Scripts.HomeTest#verifyingNewResultFilter</h3><table class="result"><tr><th class="invisible"/></tr></table><p class="totop"><a href="#summary">back to summary</a></p>
<h3 id="m5">com.Serviceobjectmodel.Scripts.HomeTest#verifyingReparation</h3><table class="result"><tr><th class="invisible"/></tr></table><p class="totop"><a href="#summary">back to summary</a></p>
<h3 id="m6">com.Serviceobjectmodel.Scripts.ServiceLoginTest#verifySigninInvalidUserInvalidpass</h3><table class="result"><tr class="param"><th>Parameter #1</th><th>Parameter #2</th></tr><tr class="param stripe"><td>user@user.com</td><td>namesofuser</td></tr></table><p class="totop"><a href="#summary">back to summary</a></p>
<h3 id="m7">com.Serviceobjectmodel.Scripts.ServiceLoginTest#verifySigninInvalidUserValidpass</h3><table class="result"><tr class="param"><th>Parameter #1</th><th>Parameter #2</th></tr><tr class="param stripe"><td>life@life.com</td><td>password</td></tr></table><p class="totop"><a href="#summary">back to summary</a></p>
<h3 id="m8">com.Serviceobjectmodel.Scripts.ServiceLoginTest#verifySigninValidUserInvalidpass</h3><table class="result"><tr class="param"><th>Parameter #1</th><th>Parameter #2</th></tr><tr class="param stripe"><td>admin@admin.com</td><td>nameoflife</td></tr></table><p class="totop"><a href="#summary">back to summary</a></p>
<h3 id="m9">com.Serviceobjectmodel.Scripts.ServiceLoginTest#verifySigninValidUserValidpass</h3><table class="result"><tr class="param"><th>Parameter #1</th><th>Parameter #2</th></tr><tr class="param stripe"><td>admin@admin.com</td><td>password</td></tr></table><p class="totop"><a href="#summary">back to summary</a></p>
</body>
</html>
